

*******************************************************************************
Wed Apr 24 16:41:45 2019


FIT:    data read from "error.data" u 1:2
        format = x:z
        #datapoints = 8
        residuals are weighted equally (unit weight)

function used for fitting: f(x)
	f(x) = a*sqrt(x)
fitted parameters initialized with current variable values

iter      chisq       delta/lim  lambda   a            
   0 1.1111097561e+08   0.00e+00  3.73e+03    1.000000e+00
   4 4.6935421192e-01  -7.12e-05  3.73e-01    6.068497e-07

After 4 iterations the fit converged.
final sum of squares of residuals : 0.469354
rel. change during last iteration : -7.1173e-10

degrees of freedom    (FIT_NDF)                        : 7
rms of residuals      (FIT_STDFIT) = sqrt(WSSR/ndf)    : 0.258941
variance of residuals (reduced chisquare) = WSSR/ndf   : 0.0670506

Final set of parameters            Asymptotic Standard Error
=======================            ==========================
a               = 6.0685e-07       +/- 2.457e-05    (4048%)


*******************************************************************************
Wed Apr 24 16:48:41 2019


FIT:    data read from "error.data" u 1:2
        format = x:z
        #datapoints = 8
        residuals are weighted equally (unit weight)

function used for fitting: f(x)
	f(x) = a*1/sqrt(x)
fitted parameters initialized with current variable values

iter      chisq       delta/lim  lambda   a            
   0 1.3359529871e-01   0.00e+00  1.18e-01    1.000000e+00
   3 2.0003998826e-02  -1.09e-02  1.18e-04    2.011099e+00

After 3 iterations the fit converged.
final sum of squares of residuals : 0.020004
rel. change during last iteration : -1.09264e-07

degrees of freedom    (FIT_NDF)                        : 7
rms of residuals      (FIT_STDFIT) = sqrt(WSSR/ndf)    : 0.0534576
variance of residuals (reduced chisquare) = WSSR/ndf   : 0.00285771

Final set of parameters            Asymptotic Standard Error
=======================            ==========================
a               = 2.0111           +/- 0.1604       (7.974%)


*******************************************************************************
Wed Apr 24 16:49:33 2019


FIT:    data read from "error.data" u 1:2
        format = x:z
        #datapoints = 8
        residuals are weighted equally (unit weight)

function used for fitting: f(x)
	f(x) = a*1/sqrt(x)
fitted parameters initialized with current variable values

iter      chisq       delta/lim  lambda   a            
   0 8.2381010793e+01   0.00e+00  1.18e-01    1.000000e+00
   4 4.4436277823e-02  -1.56e-10  1.18e-05    2.822185e+01

After 4 iterations the fit converged.
final sum of squares of residuals : 0.0444363
rel. change during last iteration : -1.56154e-15

degrees of freedom    (FIT_NDF)                        : 7
rms of residuals      (FIT_STDFIT) = sqrt(WSSR/ndf)    : 0.0796746
variance of residuals (reduced chisquare) = WSSR/ndf   : 0.00634804

Final set of parameters            Asymptotic Standard Error
=======================            ==========================
a               = 28.2219          +/- 0.239        (0.8469%)


*******************************************************************************
Wed Apr 24 16:50:30 2019


FIT:    data read from "error.data" u 1:2
        format = x:z
        #datapoints = 8
        residuals are weighted equally (unit weight)

function used for fitting: f(x)
	f(x) = a*1/sqrt(x)
fitted parameters initialized with current variable values

iter      chisq       delta/lim  lambda   a            
   0 1.0016351461e+06   0.00e+00  1.18e-01    1.000000e+00
   3 5.6127794881e+03  -3.41e-01  1.18e-04    2.995028e+03

After 3 iterations the fit converged.
final sum of squares of residuals : 5612.78
rel. change during last iteration : -3.41461e-06

degrees of freedom    (FIT_NDF)                        : 7
rms of residuals      (FIT_STDFIT) = sqrt(WSSR/ndf)    : 28.3165
variance of residuals (reduced chisquare) = WSSR/ndf   : 801.826

Final set of parameters            Asymptotic Standard Error
=======================            ==========================
a               = 2995.03          +/- 84.95        (2.836%)


*******************************************************************************
Wed Apr 24 16:54:16 2019


FIT:    data read from "error.data" u 1:2
        format = x:z
        #datapoints = 8
        residuals are weighted equally (unit weight)

function used for fitting: f(x)
	f(x) = a*1/sqrt(x)
fitted parameters initialized with current variable values

iter      chisq       delta/lim  lambda   a            
   0 1.0454335313e+06   0.00e+00  1.18e-01    1.000000e+00
   4 4.2316293220e+02  -6.04e-10  1.18e-05    3.067772e+03

After 4 iterations the fit converged.
final sum of squares of residuals : 423.163
rel. change during last iteration : -6.04484e-15

degrees of freedom    (FIT_NDF)                        : 7
rms of residuals      (FIT_STDFIT) = sqrt(WSSR/ndf)    : 7.77508
variance of residuals (reduced chisquare) = WSSR/ndf   : 60.4518

Final set of parameters            Asymptotic Standard Error
=======================            ==========================
a               = 3067.77          +/- 23.33        (0.7603%)


*******************************************************************************
Wed Apr 24 16:56:32 2019


FIT:    data read from "error.data" u 1:2
        format = x:z
        #datapoints = 8
        residuals are weighted equally (unit weight)

function used for fitting: f1(x)
	f1(x) = a*1/sqrt(x)
fitted parameters initialized with current variable values

iter      chisq       delta/lim  lambda   a            
   0 1.0454335313e+06   0.00e+00  1.18e-01    1.000000e+00
   4 4.2316293220e+02  -6.04e-10  1.18e-05    3.067772e+03

After 4 iterations the fit converged.
final sum of squares of residuals : 423.163
rel. change during last iteration : -6.04484e-15

degrees of freedom    (FIT_NDF)                        : 7
rms of residuals      (FIT_STDFIT) = sqrt(WSSR/ndf)    : 7.77508
variance of residuals (reduced chisquare) = WSSR/ndf   : 60.4518

Final set of parameters            Asymptotic Standard Error
=======================            ==========================
a               = 3067.77          +/- 23.33        (0.7603%)


*******************************************************************************
Wed Apr 24 16:56:32 2019


FIT:    data read from "error.data" u 1:3
        format = x:z
        #datapoints = 8
        residuals are weighted equally (unit weight)

function used for fitting: f2(x)
	f2(x) = b*1/sqrt(x)
fitted parameters initialized with current variable values

iter      chisq       delta/lim  lambda   b            
   0 1.0805806207e+02   0.00e+00  1.18e-01    1.000000e+00
   3 3.6663834559e-01  -5.65e-01  1.18e-04    3.213234e+01

After 3 iterations the fit converged.
final sum of squares of residuals : 0.366638
rel. change during last iteration : -5.65188e-06

degrees of freedom    (FIT_NDF)                        : 7
rms of residuals      (FIT_STDFIT) = sqrt(WSSR/ndf)    : 0.22886
variance of residuals (reduced chisquare) = WSSR/ndf   : 0.0523769

Final set of parameters            Asymptotic Standard Error
=======================            ==========================
b               = 32.1323          +/- 0.6866       (2.137%)


*******************************************************************************
Wed Apr 24 16:56:32 2019


FIT:    data read from "error.data" u 1:4
        format = x:z
        #datapoints = 8
        residuals are weighted equally (unit weight)

function used for fitting: f3(x)
	f3(x) = c*1/sqrt(x)
fitted parameters initialized with current variable values

iter      chisq       delta/lim  lambda   c            
   0 7.3001208581e-02   0.00e+00  1.18e-01    1.000000e+00
   3 7.6239298861e-03  -1.65e-02  1.18e-04    2.329306e-01

After 3 iterations the fit converged.
final sum of squares of residuals : 0.00762393
rel. change during last iteration : -1.65005e-07

degrees of freedom    (FIT_NDF)                        : 7
rms of residuals      (FIT_STDFIT) = sqrt(WSSR/ndf)    : 0.033002
variance of residuals (reduced chisquare) = WSSR/ndf   : 0.00108913

Final set of parameters            Asymptotic Standard Error
=======================            ==========================
c               = 0.232931         +/- 0.09901      (42.5%)


*******************************************************************************
Wed Apr 24 16:59:26 2019


FIT:    data read from "error.data" u 1:2
        format = x:z
        #datapoints = 8
        residuals are weighted equally (unit weight)

function used for fitting: f1(x)
	f1(x) = a*1/sqrt(x)
fitted parameters initialized with current variable values

iter      chisq       delta/lim  lambda   a            
   0 8.9418599849e-02   0.00e+00  1.18e-01    1.000000e+00
   4 4.7621301410e-07  -5.66e-08  1.18e-05    1.029141e-01

After 4 iterations the fit converged.
final sum of squares of residuals : 4.76213e-07
rel. change during last iteration : -5.65844e-13

degrees of freedom    (FIT_NDF)                        : 7
rms of residuals      (FIT_STDFIT) = sqrt(WSSR/ndf)    : 0.000260826
variance of residuals (reduced chisquare) = WSSR/ndf   : 6.80304e-08

Final set of parameters            Asymptotic Standard Error
=======================            ==========================
a               = 0.102914         +/- 0.0007825    (0.7603%)


*******************************************************************************
Wed Apr 24 16:59:26 2019


FIT:    data read from "error.data" u 1:3
        format = x:z
        #datapoints = 8
        residuals are weighted equally (unit weight)

function used for fitting: f2(x)
	f2(x) = b*1/sqrt(x)
fitted parameters initialized with current variable values

iter      chisq       delta/lim  lambda   b            
   0 2.0369209029e+00   0.00e+00  1.18e-01    1.000000e+00
   3 1.6905226514e-02  -2.30e-01  1.18e-04    5.263818e+00

After 3 iterations the fit converged.
final sum of squares of residuals : 0.0169052
rel. change during last iteration : -2.29924e-06

degrees of freedom    (FIT_NDF)                        : 7
rms of residuals      (FIT_STDFIT) = sqrt(WSSR/ndf)    : 0.049143
variance of residuals (reduced chisquare) = WSSR/ndf   : 0.00241503

Final set of parameters            Asymptotic Standard Error
=======================            ==========================
b               = 5.26382          +/- 0.1474       (2.801%)


*******************************************************************************
Wed Apr 24 16:59:26 2019


FIT:    data read from "error.data" u 1:4
        format = x:z
        #datapoints = 8
        residuals are weighted equally (unit weight)

function used for fitting: f3(x)
	f3(x) = c*1/sqrt(x)
fitted parameters initialized with current variable values

iter      chisq       delta/lim  lambda   c            
   0 7.3001208581e-02   0.00e+00  1.18e-01    1.000000e+00
   3 7.6239298861e-03  -1.65e-02  1.18e-04    2.329306e-01

After 3 iterations the fit converged.
final sum of squares of residuals : 0.00762393
rel. change during last iteration : -1.65005e-07

degrees of freedom    (FIT_NDF)                        : 7
rms of residuals      (FIT_STDFIT) = sqrt(WSSR/ndf)    : 0.033002
variance of residuals (reduced chisquare) = WSSR/ndf   : 0.00108913

Final set of parameters            Asymptotic Standard Error
=======================            ==========================
c               = 0.232931         +/- 0.09901      (42.5%)


*******************************************************************************
Wed Apr 24 17:02:38 2019


FIT:    data read from "error.data" u 1:2
        format = x:z
        #datapoints = 8
        residuals are weighted equally (unit weight)

function used for fitting: f1(x)
	f1(x) = a*1/sqrt(x)
fitted parameters initialized with current variable values

iter      chisq       delta/lim  lambda   a            
   0 8.9418599849e-02   0.00e+00  1.18e-01    1.000000e+00
   4 4.7621301410e-07  -5.66e-08  1.18e-05    1.029141e-01

After 4 iterations the fit converged.
final sum of squares of residuals : 4.76213e-07
rel. change during last iteration : -5.65844e-13

degrees of freedom    (FIT_NDF)                        : 7
rms of residuals      (FIT_STDFIT) = sqrt(WSSR/ndf)    : 0.000260826
variance of residuals (reduced chisquare) = WSSR/ndf   : 6.80304e-08

Final set of parameters            Asymptotic Standard Error
=======================            ==========================
a               = 0.102914         +/- 0.0007825    (0.7603%)


*******************************************************************************
Wed Apr 24 17:02:38 2019


FIT:    data read from "error.data" u 1:3
        format = x:z
        #datapoints = 8
        residuals are weighted equally (unit weight)

function used for fitting: f2(x)
	f2(x) = b*1/sqrt(x)
fitted parameters initialized with current variable values

iter      chisq       delta/lim  lambda   b            
   0 2.0369209029e+00   0.00e+00  1.18e-01    1.000000e+00
   3 1.6905226514e-02  -2.30e-01  1.18e-04    5.263818e+00

After 3 iterations the fit converged.
final sum of squares of residuals : 0.0169052
rel. change during last iteration : -2.29924e-06

degrees of freedom    (FIT_NDF)                        : 7
rms of residuals      (FIT_STDFIT) = sqrt(WSSR/ndf)    : 0.049143
variance of residuals (reduced chisquare) = WSSR/ndf   : 0.00241503

Final set of parameters            Asymptotic Standard Error
=======================            ==========================
b               = 5.26382          +/- 0.1474       (2.801%)


*******************************************************************************
Wed Apr 24 17:02:38 2019


FIT:    data read from "error.data" u 1:4
        format = x:z
        #datapoints = 8
        residuals are weighted equally (unit weight)

function used for fitting: f3(x)
	f3(x) = c*1/sqrt(x)
fitted parameters initialized with current variable values

iter      chisq       delta/lim  lambda   c            
   0 7.3001208581e-02   0.00e+00  1.18e-01    1.000000e+00
   3 7.6239298861e-03  -1.65e-02  1.18e-04    2.329306e-01

After 3 iterations the fit converged.
final sum of squares of residuals : 0.00762393
rel. change during last iteration : -1.65005e-07

degrees of freedom    (FIT_NDF)                        : 7
rms of residuals      (FIT_STDFIT) = sqrt(WSSR/ndf)    : 0.033002
variance of residuals (reduced chisquare) = WSSR/ndf   : 0.00108913

Final set of parameters            Asymptotic Standard Error
=======================            ==========================
c               = 0.232931         +/- 0.09901      (42.5%)


*******************************************************************************
Wed Apr 24 17:04:56 2019


FIT:    data read from "error.data" u 1:2
        format = x:z
        #datapoints = 8
        residuals are weighted equally (unit weight)

function used for fitting: f1(x)
	f1(x) = a*1/sqrt(x)
fitted parameters initialized with current variable values

iter      chisq       delta/lim  lambda   a            
   0 8.9418599849e-02   0.00e+00  1.18e-01    1.000000e+00
   4 4.7621301410e-07  -5.66e-08  1.18e-05    1.029141e-01

After 4 iterations the fit converged.
final sum of squares of residuals : 4.76213e-07
rel. change during last iteration : -5.65844e-13

degrees of freedom    (FIT_NDF)                        : 7
rms of residuals      (FIT_STDFIT) = sqrt(WSSR/ndf)    : 0.000260826
variance of residuals (reduced chisquare) = WSSR/ndf   : 6.80304e-08

Final set of parameters            Asymptotic Standard Error
=======================            ==========================
a               = 0.102914         +/- 0.0007825    (0.7603%)


*******************************************************************************
Wed Apr 24 17:04:56 2019


FIT:    data read from "error.data" u 1:3
        format = x:z
        #datapoints = 8
        residuals are weighted equally (unit weight)

function used for fitting: f2(x)
	f2(x) = b*1/sqrt(x)
fitted parameters initialized with current variable values

iter      chisq       delta/lim  lambda   b            
   0 2.0369209029e+00   0.00e+00  1.18e-01    1.000000e+00
   3 1.6905226514e-02  -2.30e-01  1.18e-04    5.263818e+00

After 3 iterations the fit converged.
final sum of squares of residuals : 0.0169052
rel. change during last iteration : -2.29924e-06

degrees of freedom    (FIT_NDF)                        : 7
rms of residuals      (FIT_STDFIT) = sqrt(WSSR/ndf)    : 0.049143
variance of residuals (reduced chisquare) = WSSR/ndf   : 0.00241503

Final set of parameters            Asymptotic Standard Error
=======================            ==========================
b               = 5.26382          +/- 0.1474       (2.801%)


*******************************************************************************
Wed Apr 24 17:04:56 2019


FIT:    data read from "error.data" u 1:4
        format = x:z
        #datapoints = 8
        residuals are weighted equally (unit weight)

function used for fitting: f3(x)
	f3(x) = c*1/sqrt(x)
fitted parameters initialized with current variable values

iter      chisq       delta/lim  lambda   c            
   0 7.3001208581e-02   0.00e+00  1.18e-01    1.000000e+00
   3 7.6239298861e-03  -1.65e-02  1.18e-04    2.329306e-01

After 3 iterations the fit converged.
final sum of squares of residuals : 0.00762393
rel. change during last iteration : -1.65005e-07

degrees of freedom    (FIT_NDF)                        : 7
rms of residuals      (FIT_STDFIT) = sqrt(WSSR/ndf)    : 0.033002
variance of residuals (reduced chisquare) = WSSR/ndf   : 0.00108913

Final set of parameters            Asymptotic Standard Error
=======================            ==========================
c               = 0.232931         +/- 0.09901      (42.5%)
